<?xml version="1.0" encoding="UTF-8"?>
<!-- Generated by org.testng.reporters.JUnitReportReporter -->
<testsuite skipped="0" hostname="DESKTOP-CGJKOVL" name="tests.Runner1" tests="4" failures="1" timestamp="2021-03-03T10:52:32 IST" time="11.187" errors="0">
  <testcase name="runScenario" time="1.089" classname="tests.Runner1"/>
  <system-out/>
  <testcase name="runScenario" time="1.265" classname="tests.Runner1">
    <failure type="java.lang.AssertionError" message="expected [true] but found [false]">
      <![CDATA[java.lang.AssertionError: expected [true] but found [false]
at org.testng.Assert.fail(Assert.java:99)
at org.testng.Assert.failNotEquals(Assert.java:1037)
at org.testng.Assert.assertTrue(Assert.java:45)
at org.testng.Assert.assertTrue(Assert.java:55)
at gluecode.StepDefs2.method10(StepDefs2.java:53)
at ✽.status code is "200" as per "duplicate" and content type is "application/json"(file:///C:/Users/mahesh%20reddy%20lucky/Documents/apitestsource/8org.magnitia.ra-bdd-pico-testng/src/test/resources/features/feature2.feature:9)
]]>
    </failure>
  </testcase> <!-- runScenario -->
  <system-out/>
  <testcase name="runScenario" time="7.375" classname="tests.Runner1"/>
  <system-out/>
  <testcase name="runScenario" time="1.458" classname="tests.Runner1"/>
  <system-out/>
</testsuite> <!-- tests.Runner1 -->
